C:\USERS\PUBLIC\DOCUMENTS\HCI\OF_V0.8.1_VS_RELEASE\APPS\MYAPPS\KINNECTPROJECT\OBJ\DEBUG\OFXOPENNI.OBJ
C:\USERS\PUBLIC\DOCUMENTS\HCI\OF_V0.8.1_VS_RELEASE\APPS\MYAPPS\KINNECTPROJECT\OBJ\DEBUG\OFXOPENNITYPES.OBJ
C:\USERS\PUBLIC\DOCUMENTS\HCI\OF_V0.8.1_VS_RELEASE\APPS\MYAPPS\KINNECTPROJECT\OBJ\DEBUG\MAIN.OBJ
C:\USERS\PUBLIC\DOCUMENTS\HCI\OF_V0.8.1_VS_RELEASE\APPS\MYAPPS\KINNECTPROJECT\OBJ\DEBUG\TESTAPP.OBJ
C:\USERS\PUBLIC\DOCUMENTS\HCI\OF_V0.8.1_VS_RELEASE\APPS\MYAPPS\KINNECTPROJECT\OBJ\DEBUG\VC110.PDB
C:\Users\Public\Documents\HCI\of_v0.8.1_vs_release\apps\myApps\kinnectProject\bin\kinnectProject_debug.lib
C:\Users\Public\Documents\HCI\of_v0.8.1_vs_release\apps\myApps\kinnectProject\bin\kinnectProject_debug.exp
C:\USERS\PUBLIC\DOCUMENTS\HCI\OF_V0.8.1_VS_RELEASE\APPS\MYAPPS\KINNECTPROJECT\BIN\KINNECTPROJECT_DEBUG.ILK
C:\USERS\PUBLIC\DOCUMENTS\HCI\OF_V0.8.1_VS_RELEASE\APPS\MYAPPS\KINNECTPROJECT\BIN\KINNECTPROJECT_DEBUG.EXE
C:\USERS\PUBLIC\DOCUMENTS\HCI\OF_V0.8.1_VS_RELEASE\APPS\MYAPPS\KINNECTPROJECT\BIN\KINNECTPROJECT_DEBUG.PDB
C:\USERS\PUBLIC\DOCUMENTS\HCI\OF_V0.8.1_VS_RELEASE\APPS\MYAPPS\KINNECTPROJECT\OBJ\DEBUG\ICON.RES
C:\Users\Public\Documents\HCI\of_v0.8.1_vs_release\apps\myApps\kinnectProject\obj\Debug\kinnectProject.vcxprojResolveAssemblyReference.cache
C:\Users\Public\Documents\HCI\of_v0.8.1_vs_release\apps\myApps\kinnectProject\obj\Debug\main.obj
C:\Users\Public\Documents\HCI\of_v0.8.1_vs_release\apps\myApps\kinnectProject\obj\Debug\ofxOpenNI.obj
C:\Users\Public\Documents\HCI\of_v0.8.1_vs_release\apps\myApps\kinnectProject\obj\Debug\ofxOpenNITypes.obj
C:\Users\Public\Documents\HCI\of_v0.8.1_vs_release\apps\myApps\kinnectProject\obj\Debug\testApp.obj
C:\Users\Public\Documents\HCI\of_v0.8.1_vs_release\apps\myApps\kinnectProject\obj\Debug\cl.command.1.tlog
C:\Users\Public\Documents\HCI\of_v0.8.1_vs_release\apps\myApps\kinnectProject\obj\Debug\CL.read.1.tlog
C:\Users\Public\Documents\HCI\of_v0.8.1_vs_release\apps\myApps\kinnectProject\obj\Debug\CL.write.1.tlog
C:\Users\Public\Documents\HCI\of_v0.8.1_vs_release\apps\myApps\kinnectProject\obj\Debug\kinnectProject.write.1.tlog
C:\Users\Public\Documents\HCI\of_v0.8.1_vs_release\apps\myApps\kinnectProject\obj\Debug\link-cvtres.read.1.tlog
C:\Users\Public\Documents\HCI\of_v0.8.1_vs_release\apps\myApps\kinnectProject\obj\Debug\link-cvtres.write.1.tlog
C:\Users\Public\Documents\HCI\of_v0.8.1_vs_release\apps\myApps\kinnectProject\obj\Debug\link-rc.read.1.tlog
C:\Users\Public\Documents\HCI\of_v0.8.1_vs_release\apps\myApps\kinnectProject\obj\Debug\link-rc.write.1.tlog
C:\Users\Public\Documents\HCI\of_v0.8.1_vs_release\apps\myApps\kinnectProject\obj\Debug\link.1180-cvtres.read.1.tlog
C:\Users\Public\Documents\HCI\of_v0.8.1_vs_release\apps\myApps\kinnectProject\obj\Debug\link.1180-cvtres.write.1.tlog
C:\Users\Public\Documents\HCI\of_v0.8.1_vs_release\apps\myApps\kinnectProject\obj\Debug\link.1180-rc.read.1.tlog
C:\Users\Public\Documents\HCI\of_v0.8.1_vs_release\apps\myApps\kinnectProject\obj\Debug\link.1180-rc.write.1.tlog
C:\Users\Public\Documents\HCI\of_v0.8.1_vs_release\apps\myApps\kinnectProject\obj\Debug\link.1180.read.1.tlog
C:\Users\Public\Documents\HCI\of_v0.8.1_vs_release\apps\myApps\kinnectProject\obj\Debug\link.1180.write.1.tlog
C:\Users\Public\Documents\HCI\of_v0.8.1_vs_release\apps\myApps\kinnectProject\obj\Debug\link.2588-cvtres.read.1.tlog
C:\Users\Public\Documents\HCI\of_v0.8.1_vs_release\apps\myApps\kinnectProject\obj\Debug\link.2588-cvtres.write.1.tlog
C:\Users\Public\Documents\HCI\of_v0.8.1_vs_release\apps\myApps\kinnectProject\obj\Debug\link.2588-rc.read.1.tlog
C:\Users\Public\Documents\HCI\of_v0.8.1_vs_release\apps\myApps\kinnectProject\obj\Debug\link.2588-rc.write.1.tlog
C:\Users\Public\Documents\HCI\of_v0.8.1_vs_release\apps\myApps\kinnectProject\obj\Debug\link.2588.read.1.tlog
C:\Users\Public\Documents\HCI\of_v0.8.1_vs_release\apps\myApps\kinnectProject\obj\Debug\link.2588.write.1.tlog
C:\Users\Public\Documents\HCI\of_v0.8.1_vs_release\apps\myApps\kinnectProject\obj\Debug\link.3868-cvtres.read.1.tlog
C:\Users\Public\Documents\HCI\of_v0.8.1_vs_release\apps\myApps\kinnectProject\obj\Debug\link.3868-cvtres.write.1.tlog
C:\Users\Public\Documents\HCI\of_v0.8.1_vs_release\apps\myApps\kinnectProject\obj\Debug\link.3868-rc.read.1.tlog
C:\Users\Public\Documents\HCI\of_v0.8.1_vs_release\apps\myApps\kinnectProject\obj\Debug\link.3868-rc.write.1.tlog
C:\Users\Public\Documents\HCI\of_v0.8.1_vs_release\apps\myApps\kinnectProject\obj\Debug\link.3868.read.1.tlog
C:\Users\Public\Documents\HCI\of_v0.8.1_vs_release\apps\myApps\kinnectProject\obj\Debug\link.3868.write.1.tlog
C:\Users\Public\Documents\HCI\of_v0.8.1_vs_release\apps\myApps\kinnectProject\obj\Debug\link.3960-cvtres.read.1.tlog
C:\Users\Public\Documents\HCI\of_v0.8.1_vs_release\apps\myApps\kinnectProject\obj\Debug\link.3960-cvtres.write.1.tlog
C:\Users\Public\Documents\HCI\of_v0.8.1_vs_release\apps\myApps\kinnectProject\obj\Debug\link.3960-rc.read.1.tlog
C:\Users\Public\Documents\HCI\of_v0.8.1_vs_release\apps\myApps\kinnectProject\obj\Debug\link.3960-rc.write.1.tlog
C:\Users\Public\Documents\HCI\of_v0.8.1_vs_release\apps\myApps\kinnectProject\obj\Debug\link.3960.read.1.tlog
C:\Users\Public\Documents\HCI\of_v0.8.1_vs_release\apps\myApps\kinnectProject\obj\Debug\link.3960.write.1.tlog
C:\Users\Public\Documents\HCI\of_v0.8.1_vs_release\apps\myApps\kinnectProject\obj\Debug\link.command.1.tlog
C:\Users\Public\Documents\HCI\of_v0.8.1_vs_release\apps\myApps\kinnectProject\obj\Debug\link.read.1.tlog
C:\Users\Public\Documents\HCI\of_v0.8.1_vs_release\apps\myApps\kinnectProject\obj\Debug\link.write.1.tlog
C:\Users\Public\Documents\HCI\of_v0.8.1_vs_release\apps\myApps\kinnectProject\obj\Debug\rc.command.1.tlog
C:\Users\Public\Documents\HCI\of_v0.8.1_vs_release\apps\myApps\kinnectProject\obj\Debug\rc.read.1.tlog
C:\Users\Public\Documents\HCI\of_v0.8.1_vs_release\apps\myApps\kinnectProject\obj\Debug\rc.write.1.tlog
C:\Users\Public\Documents\HCI\of_v0.8.1_vs_release\apps\myApps\kinnectProject\obj\Debug\icon.res
C:\Users\Public\Documents\HCI\of_v0.8.1_vs_release\apps\myApps\kinnectProject\obj\Debug\vc110.idb
C:\Users\Public\Documents\HCI\of_v0.8.1_vs_release\apps\myApps\kinnectProject\obj\Debug\vc110.pdb
C:\Users\Public\Documents\HCI\of_v0.8.1_vs_release\apps\myApps\kinnectProject\bin\kinnectProject_debug.exe
